<?xml version="1.0" encoding="UTF-8"?>
<testsuite xmlns:xsi="http://www.w3.org/2001/XMLSchema-instance" xsi:noNamespaceSchemaLocation="https://maven.apache.org/surefire/maven-surefire-plugin/xsd/surefire-test-report-3.0.xsd" version="3.0" name="CalculatorTest" time="0.025" tests="4" errors="0" skipped="0" failures="0">
  <properties>
[...]
</properties>
  <testcase name="testAdd" classname="CalculatorTest" time="0.011"/>
  <testcase name="testMult" classname="CalculatorTest" time="0.001"/>
  <testcase name="testSubstract" classname="CalculatorTest" time="0.001"/>
  <testcase name="testDivide" classname="CalculatorTest" time="0.001"/>
</testsuite>